<?xml version="1.0" encoding="UTF-8"?>
<testsuite xmlns:xsi="http://www.w3.org/2001/XMLSchema-instance" xsi:noNamespaceSchemaLocation="https://maven.apache.org/surefire/maven-surefire-plugin/xsd/surefire-test-report.xsd" name="TestSuite" time="42.081" tests="2" errors="0" skipped="0" failures="0">
  <properties>
[...]
</properties>
  <testcase name="TC01" classname="com.insider.qa.webTestCases.EventPageTest" time="3.004"/>
  <testcase name="TC01" classname="com.insider.qa.appTestCases.EventScreenTest" time="18.684"/>
</testsuite>