<?xml version="1.0" encoding="UTF-8"?>
<testng-results ignored="0" total="1" passed="1" failed="0" skipped="0">
  <reporter-output>
  </reporter-output>
  <suite started-at="2020-07-30T19:37:33 IST" name="App Automation Suite" finished-at="2020-07-30T19:38:06 IST" duration-ms="33165">
    <groups>
    </groups>
    <test started-at="2020-07-30T19:37:33 IST" name="Appium Test" finished-at="2020-07-30T19:38:06 IST" duration-ms="33165">
      <class name="com.insider.qa.appTestCases.EventScreenTest">
        <test-method is-config="true" signature="setup()[pri:0, instance:com.insider.qa.appTestCases.EventScreenTest@27ff5d15]" started-at="2020-07-30T19:37:33 IST" name="setup" finished-at="2020-07-30T19:37:43 IST" duration-ms="9858" status="PASS">
          <reporter-output>
          </reporter-output>
        </test-method> <!-- setup -->
        <test-method signature="TC01()[pri:0, instance:com.insider.qa.appTestCases.EventScreenTest@27ff5d15]" started-at="2020-07-30T19:37:43 IST" name="TC01" finished-at="2020-07-30T19:38:05 IST" duration-ms="22770" status="PASS">
          <reporter-output>
          </reporter-output>
        </test-method> <!-- TC01 -->
        <test-method is-config="true" signature="clean()[pri:0, instance:com.insider.qa.appTestCases.EventScreenTest@27ff5d15]" started-at="2020-07-30T19:38:05 IST" name="clean" finished-at="2020-07-30T19:38:06 IST" duration-ms="509" status="PASS">
          <reporter-output>
          </reporter-output>
        </test-method> <!-- clean -->
      </class> <!-- com.insider.qa.appTestCases.EventScreenTest -->
    </test> <!-- Appium Test -->
  </suite> <!-- App Automation Suite -->
</testng-results>
